<?xml version="1.0" encoding="UTF-8"?>
<!-- Generated by org.testng.reporters.JUnitReportReporter -->
<testsuite hostname="DMM-G6394Y5V" failures="0" tests="1" name="AutomationExercise.Sample.RegisterUser" time="31.189" errors="0" timestamp="2024-09-17T12:50:43 MMT" skipped="0">
  <testcase classname="AutomationExercise.Sample.RegisterUser" name="registerUser" time="31.189"/>
  <system-out/>
</testsuite> <!-- AutomationExercise.Sample.RegisterUser -->
