<?xml version="1.0" encoding="UTF-8"?>
<!-- Generated by org.testng.reporters.JUnitReportReporter -->
<testsuite hostname="DMM-G6394Y5V" failures="0" tests="1" name="AutomationExercise.Sample.ContactUsForm" time="14.467" errors="0" timestamp="2024-11-01T21:28:24 MMT" skipped="0">
  <testcase classname="AutomationExercise.Sample.ContactUsForm" name="contactUsForm" time="14.467"/>
  <system-out/>
</testsuite> <!-- AutomationExercise.Sample.ContactUsForm -->
