<?xml version="1.0" encoding="UTF-8"?>
<!-- Generated by org.testng.reporters.JUnitReportReporter -->
<testsuite hostname="DMM-G6394Y5V" failures="0" tests="1" name="AutomationExercise.Sample.PlaceOrder_Login_BeforeCheckOut" time="48.417" errors="0" timestamp="2025-01-29T20:59:41 MMT" skipped="0">
  <testcase classname="AutomationExercise.Sample.PlaceOrder_Login_BeforeCheckOut" name="verifyProductQuantityinCart" time="48.417"/>
  <system-out/>
</testsuite> <!-- AutomationExercise.Sample.PlaceOrder_Login_BeforeCheckOut -->
