<?xml version="1.0" encoding="UTF-8"?>
<!-- Generated by org.testng.reporters.JUnitReportReporter -->
<testsuite hostname="DMM-G6394Y5V" failures="0" tests="1" name="AutomationExercise.Sample.RegisterUserwithExistingEmail" time="24.271" errors="0" timestamp="2024-11-02T21:21:51 MMT" skipped="0">
  <testcase classname="AutomationExercise.Sample.RegisterUserwithExistingEmail" name="contactUsForm" time="24.271"/>
  <system-out/>
</testsuite> <!-- AutomationExercise.Sample.RegisterUserwithExistingEmail -->
