<?xml version="1.0" encoding="UTF-8"?>
<!-- Generated by org.testng.reporters.JUnitReportReporter -->
<testsuite hostname="DMM-G6394Y5V" failures="0" tests="1" name="AutomationExercise.Sample.VerifyProductQuantityinCart" time="200.194" errors="0" timestamp="2025-01-27T23:09:33 MMT" skipped="0">
  <testcase classname="AutomationExercise.Sample.VerifyProductQuantityinCart" name="verifyProductQuantityinCart" time="200.194"/>
  <system-out/>
</testsuite> <!-- AutomationExercise.Sample.VerifyProductQuantityinCart -->
