<?xml version="1.0" encoding="UTF-8"?>
<!-- Generated by org.testng.reporters.JUnitReportReporter -->
<testsuite hostname="DMM-G6394Y5V" failures="0" tests="1" name="AutomationExercise.Sample.VerifyTestCasesPage" time="40.278" errors="0" timestamp="2024-11-02T21:49:39 MMT" skipped="0">
  <testcase classname="AutomationExercise.Sample.VerifyTestCasesPage" name="verifyTestCasesPage" time="40.278"/>
  <system-out/>
</testsuite> <!-- AutomationExercise.Sample.VerifyTestCasesPage -->
