<?xml version="1.0" encoding="UTF-8"?>
<!-- Generated by org.testng.reporters.JUnitReportReporter -->
<testsuite hostname="DMM-G6394Y5V" failures="0" tests="1" name="AutomationExercise.Sample.SearchProduct" time="20.140" errors="0" timestamp="2025-01-04T11:42:04 MMT" skipped="0">
  <testcase classname="AutomationExercise.Sample.SearchProduct" name="searchProduct" time="20.140"/>
  <system-out/>
</testsuite> <!-- AutomationExercise.Sample.SearchProduct -->
