<?xml version="1.0" encoding="UTF-8"?>
<!-- Generated by org.testng.reporters.JUnitReportReporter -->
<testsuite hostname="DMM-G6394Y5V" failures="0" tests="1" name="AutomationExercise.Sample.AddProdcutInCart" time="431.880" errors="0" timestamp="2025-01-25T12:09:02 MMT" skipped="0">
  <testcase classname="AutomationExercise.Sample.AddProdcutInCart" name="addProdcutInCart" time="431.880"/>
  <system-out/>
</testsuite> <!-- AutomationExercise.Sample.AddProdcutInCart -->
