<?xml version="1.0" encoding="UTF-8"?>
<!-- Generated by org.testng.reporters.JUnitReportReporter -->
<testsuite hostname="DMM-G6394Y5V" failures="0" tests="1" name="AutomationExercise.Sample.ViewCategoryProducts" time="10.149" errors="0" timestamp="2025-04-16T22:30:10 MMT" skipped="0">
  <testcase classname="AutomationExercise.Sample.ViewCategoryProducts" name="viewCategoryProducts" time="10.149"/>
  <system-out/>
</testsuite> <!-- AutomationExercise.Sample.ViewCategoryProducts -->
