<?xml version="1.0" encoding="UTF-8"?>
<!-- Generated by org.testng.reporters.JUnitReportReporter -->
<testsuite hostname="DMM-G6394Y5V" failures="0" tests="1" name="AutomationExercise.Sample.SearchGoogle" time="8.447" errors="0" timestamp="2024-11-13T14:36:12 MMT" skipped="0">
  <testcase classname="AutomationExercise.Sample.SearchGoogle" name="testGoogleSearch" time="8.447"/>
  <system-out/>
</testsuite> <!-- AutomationExercise.Sample.SearchGoogle -->
