<?xml version="1.0" encoding="UTF-8"?>
<!-- Generated by org.testng.reporters.JUnitReportReporter -->
<testsuite hostname="DMM-G6394Y5V" failures="0" tests="1" name="AutomationExercise.Sample.VerifySubscriptioninCartPage" time="14.644" errors="0" timestamp="2024-12-30T15:06:53 MMT" skipped="0">
  <testcase classname="AutomationExercise.Sample.VerifySubscriptioninCartPage" name="verifySubscriptioninCartPage" time="14.644"/>
  <system-out/>
</testsuite> <!-- AutomationExercise.Sample.VerifySubscriptioninCartPage -->
