<?xml version="1.0" encoding="UTF-8"?>
<!-- Generated by org.testng.reporters.JUnitReportReporter -->
<testsuite hostname="DMM-G6394Y5V" failures="0" tests="1" name="AutomationExercise.Sample.RegisterUser" time="65.879" errors="0" timestamp="2024-09-22T11:20:03 MMT" skipped="0">
  <testcase classname="AutomationExercise.Sample.RegisterUser" name="registerUser" time="65.879"/>
  <system-out/>
</testsuite> <!-- AutomationExercise.Sample.RegisterUser -->
