<?xml version="1.0" encoding="UTF-8"?>
<!-- Generated by org.testng.reporters.JUnitReportReporter -->
<testsuite hostname="DMM-G6394Y5V" failures="0" tests="1" name="AutomationExercise.Sample.RegisterBeforeCheckoutToPlaceOrder" time="50.542" errors="0" timestamp="2025-03-30T14:16:06 MMT" skipped="0">
  <testcase classname="AutomationExercise.Sample.RegisterBeforeCheckoutToPlaceOrder" name="registerBeforeCheckoutToPlaceOrder" time="50.542"/>
  <system-out/>
</testsuite> <!-- AutomationExercise.Sample.RegisterBeforeCheckoutToPlaceOrder -->
