<?xml version="1.0" encoding="UTF-8"?>
<!-- Generated by org.testng.reporters.JUnitReportReporter -->
<testsuite hostname="DMM-G6394Y5V" failures="0" tests="1" name="AutomationExercise.Sample.LoginUserwithcorrectEmailAndPassword" time="22.644" errors="0" timestamp="2024-09-22T11:34:53 MMT" skipped="0">
  <testcase classname="AutomationExercise.Sample.LoginUserwithcorrectEmailAndPassword" name="loginUserwithcorrectEmailAndPassword" time="22.644"/>
  <system-out/>
</testsuite> <!-- AutomationExercise.Sample.LoginUserwithcorrectEmailAndPassword -->
