<?xml version="1.0" encoding="UTF-8"?>
<!-- Generated by org.testng.reporters.JUnitReportReporter -->
<testsuite hostname="DMM-G6394Y5V" failures="0" tests="1" name="AutomationExercise.Sample.VerifyAllProductsandProductDetailPage" time="19.695" errors="0" timestamp="2024-12-29T19:18:45 MMT" skipped="0">
  <testcase classname="AutomationExercise.Sample.VerifyAllProductsandProductDetailPage" name="verifyAllProductsandProductDetailPage" time="19.695"/>
  <system-out/>
</testsuite> <!-- AutomationExercise.Sample.VerifyAllProductsandProductDetailPage -->
