<?xml version="1.0" encoding="UTF-8"?>
<!-- Generated by org.testng.reporters.JUnitReportReporter -->
<testsuite hostname="DMM-G6394Y5V" failures="0" tests="1" name="AutomationExercise.Sample.RemoveProductfromCard" time="11.506" errors="0" timestamp="2025-04-13T11:42:14 MMT" skipped="0">
  <testcase classname="AutomationExercise.Sample.RemoveProductfromCard" name="removeProductfromCard" time="11.506"/>
  <system-out/>
</testsuite> <!-- AutomationExercise.Sample.RemoveProductfromCard -->
