<?xml version="1.0" encoding="UTF-8"?>
<!-- Generated by org.testng.reporters.JUnitReportReporter -->
<testsuite hostname="DMM-G6394Y5V" failures="0" tests="1" name="AutomationExercise.Sample.AddProdcutInCart" time="11.763" errors="0" timestamp="2024-12-30T15:47:50 MMT" skipped="0">
  <testcase classname="AutomationExercise.Sample.AddProdcutInCart" name="addProdcutInCart" time="11.763"/>
  <system-out/>
</testsuite> <!-- AutomationExercise.Sample.AddProdcutInCart -->
