<?xml version="1.0" encoding="UTF-8"?>
<!-- Generated by org.testng.reporters.JUnitReportReporter -->
<testsuite hostname="DMM-G6394Y5V" failures="0" tests="1" name="AutomationExercise.Sample.VerifySubscription" time="11.626" errors="0" timestamp="2024-12-30T13:51:36 MMT" skipped="0">
  <testcase classname="AutomationExercise.Sample.VerifySubscription" name="verifySubscription" time="11.626"/>
  <system-out/>
</testsuite> <!-- AutomationExercise.Sample.VerifySubscription -->
