<?xml version="1.0" encoding="UTF-8"?>
<!-- Generated by org.testng.reporters.JUnitReportReporter -->
<testsuite hostname="DMM-G6394Y5V" failures="0" tests="1" name="AutomationExercise.Sample.LoginUserwithcorrectEmailAndPassword" time="8.150" errors="0" timestamp="2024-09-25T12:46:39 MMT" skipped="0">
  <testcase classname="AutomationExercise.Sample.LoginUserwithcorrectEmailAndPassword" name="loginUserwithcorrectEmailAndPassword" time="8.150"/>
  <system-out/>
</testsuite> <!-- AutomationExercise.Sample.LoginUserwithcorrectEmailAndPassword -->
