<?xml version="1.0" encoding="UTF-8"?>
<!-- Generated by org.testng.reporters.JUnitReportReporter -->
<testsuite hostname="DMM-G6394Y5V" failures="0" tests="1" name="AutomationExercise.Sample.VerifyProductQuantityinCart" time="134.512" errors="0" timestamp="2025-01-25T22:53:41 MMT" skipped="0">
  <testcase classname="AutomationExercise.Sample.VerifyProductQuantityinCart" name="verifyProductQuantityinCart" time="134.512"/>
  <system-out/>
</testsuite> <!-- AutomationExercise.Sample.VerifyProductQuantityinCart -->
