<?xml version="1.0" encoding="UTF-8"?>
<!-- Generated by org.testng.reporters.JUnitReportReporter -->
<testsuite hostname="DMM-G6394Y5V" failures="0" tests="1" name="AutomationExercise.Sample.ViewBrandProduct" time="14.319" errors="0" timestamp="2025-04-23T12:50:41 MMT" skipped="0">
  <testcase classname="AutomationExercise.Sample.ViewBrandProduct" name="viewCategoryProducts" time="14.319"/>
  <system-out/>
</testsuite> <!-- AutomationExercise.Sample.ViewBrandProduct -->
