<?xml version="1.0" encoding="UTF-8"?>
<!-- Generated by org.testng.reporters.JUnitReportReporter -->
<testsuite hostname="DMM-G6394Y5V" failures="0" tests="1" name="AutomationExercise.Sample.ViewCategoryProducts" time="9.418" errors="0" timestamp="2025-04-20T23:07:05 MMT" skipped="0">
  <testcase classname="AutomationExercise.Sample.ViewCategoryProducts" name="viewCategoryProducts" time="9.418"/>
  <system-out/>
</testsuite> <!-- AutomationExercise.Sample.ViewCategoryProducts -->
