<?xml version="1.0" encoding="UTF-8"?>
<!-- Generated by org.testng.reporters.JUnitReportReporter -->
<testsuite hostname="DMM-G6394Y5V" failures="0" tests="1" name="AutomationExercise.Sample.PlaceOrder_Login_BeforeCheckOut" time="44.223" errors="0" timestamp="2025-03-30T14:01:06 MMT" skipped="0">
  <testcase classname="AutomationExercise.Sample.PlaceOrder_Login_BeforeCheckOut" name="verifyProductQuantityinCart" time="44.223"/>
  <system-out/>
</testsuite> <!-- AutomationExercise.Sample.PlaceOrder_Login_BeforeCheckOut -->
