<?xml version="1.0" encoding="UTF-8"?>
<!-- Generated by org.testng.reporters.JUnitReportReporter -->
<testsuite hostname="DMM-G6394Y5V" failures="0" tests="1" name="AutomationExercise.Sample.LogoutUser" time="260.910" errors="0" timestamp="2024-09-26T12:49:49 MMT" skipped="0">
  <testcase classname="AutomationExercise.Sample.LogoutUser" name="loginUserwithcorrectEmailAndPassword" time="260.910"/>
  <system-out/>
</testsuite> <!-- AutomationExercise.Sample.LogoutUser -->
